[2014-10-07 22:17:15] local.ERROR: exception 'Symfony\Component\Debug\Exception\FatalErrorException' with message 'syntax error, unexpected 'return' (T_RETURN)' in /home/vagrant/synthesise-3/app/Extensions/Analytics.php:43
Stack trace:
#0 [internal function]: Illuminate\Exception\Handler->handleShutdown()
#1 {main} [] []
[2014-10-07 22:17:53] local.ERROR: exception 'ErrorException' with message 'Undefined offset: 1' in /home/vagrant/synthesise-3/app/Extensions/Analytics.php:40
Stack trace:
#0 /home/vagrant/synthesise-3/app/Extensions/Analytics.php(40): Illuminate\Exception\Handler->handleError(8, 'Undefined offse...', '/home/vagrant/s...', 40, Array)
#1 /home/vagrant/synthesise-3/vendor/laravel/framework/src/Illuminate/Support/Facades/Facade.php(205): Synthesise\Extensions\Analytics->getLiveVisitors()
#2 /home/vagrant/synthesise-3/app/Http/Controllers/AnalyticsController.php(17): Illuminate\Support\Facades\Facade::__callStatic('getLiveVisitors', Array)
#3 /home/vagrant/synthesise-3/app/Http/Controllers/AnalyticsController.php(17): Synthesise\Extensions\Facades\Analytics::getLiveVisitors()
#4 [internal function]: Synthesise\Http\Controllers\AnalyticsController->index()
#5 /home/vagrant/synthesise-3/vendor/laravel/framework/src/Illuminate/Routing/Route.php(174): call_user_func_array(Array, Array)
#6 /home/vagrant/synthesise-3/vendor/laravel/framework/src/Illuminate/Routing/Route.php(132): Illuminate\Routing\Route->runController(Object(Illuminate\Http\Request))
#7 /home/vagrant/synthesise-3/vendor/laravel/framework/src/Illuminate/Routing/Router.php(549): Illuminate\Routing\Route->run(Object(Illuminate\Http\Request))
#8 /home/vagrant/synthesise-3/vendor/laravel/framework/src/Illuminate/Routing/Router.php(517): Illuminate\Routing\Router->dispatchToRoute(Object(Illuminate\Http\Request))
#9 /home/vagrant/synthesise-3/vendor/laravel/framework/src/Illuminate/Foundation/Application.php(830): Illuminate\Routing\Router->dispatch(Object(Illuminate\Http\Request))
#10 /home/vagrant/synthesise-3/vendor/laravel/framework/src/Illuminate/Foundation/Application.php(807): Illuminate\Foundation\Application->dispatch(Object(Illuminate\Http\Request))
#11 /home/vagrant/synthesise-3/vendor/laravel/framework/src/Illuminate/Session/Middleware.php(72): Illuminate\Foundation\Application->handle(Object(Illuminate\Http\Request), 1, true)
#12 /home/vagrant/synthesise-3/vendor/laravel/framework/src/Illuminate/Cookie/Queue.php(47): Illuminate\Session\Middleware->handle(Object(Illuminate\Http\Request), 1, true)
#13 /home/vagrant/synthesise-3/vendor/laravel/framework/src/Illuminate/Cookie/Guard.php(51): Illuminate\Cookie\Queue->handle(Object(Illuminate\Http\Request), 1, true)
#14 /home/vagrant/synthesise-3/vendor/stack/builder/src/Stack/StackedHttpKernel.php(23): Illuminate\Cookie\Guard->handle(Object(Illuminate\Http\Request), 1, true)
#15 /home/vagrant/synthesise-3/vendor/laravel/framework/src/Illuminate/Foundation/Application.php(663): Stack\StackedHttpKernel->handle(Object(Illuminate\Http\Request))
#16 /home/vagrant/synthesise-3/public/index.php(49): Illuminate\Foundation\Application->run()
#17 {main} [] []
[2014-10-07 22:18:17] local.ERROR: exception 'ErrorException' with message 'htmlentities() expects parameter 1 to be string, array given' in /home/vagrant/synthesise-3/vendor/laravel/framework/src/Illuminate/Support/helpers.php:413
Stack trace:
#0 [internal function]: Illuminate\Exception\Handler->handleError(2, 'htmlentities() ...', '/home/vagrant/s...', 413, Array)
#1 /home/vagrant/synthesise-3/vendor/laravel/framework/src/Illuminate/Support/helpers.php(413): htmlentities(Array, 3, 'UTF-8', false)
#2 /home/vagrant/synthesise-3/storage/framework/views/460544bbb5962b6151f802c5fd8e9f56(7): e(Array)
#3 /home/vagrant/synthesise-3/vendor/laravel/framework/src/Illuminate/View/Engines/PhpEngine.php(37): include('/home/vagrant/s...')
#4 /home/vagrant/synthesise-3/vendor/laravel/framework/src/Illuminate/View/Engines/CompilerEngine.php(56): Illuminate\View\Engines\PhpEngine->evaluatePath('/home/vagrant/s...', Array)
#5 /home/vagrant/synthesise-3/vendor/laravel/framework/src/Illuminate/View/View.php(135): Illuminate\View\Engines\CompilerEngine->get('/home/vagrant/s...', Array)
#6 /home/vagrant/synthesise-3/vendor/laravel/framework/src/Illuminate/View/View.php(103): Illuminate\View\View->getContents()
#7 /home/vagrant/synthesise-3/vendor/laravel/framework/src/Illuminate/View/View.php(77): Illuminate\View\View->renderContents()
#8 /home/vagrant/synthesise-3/vendor/laravel/framework/src/Illuminate/Http/Response.php(43): Illuminate\View\View->render()
#9 /home/vagrant/synthesise-3/vendor/symfony/http-foundation/Symfony/Component/HttpFoundation/Response.php(202): Illuminate\Http\Response->setContent(Object(Illuminate\View\View))
#10 /home/vagrant/synthesise-3/vendor/laravel/framework/src/Illuminate/Routing/Router.php(1019): Symfony\Component\HttpFoundation\Response->__construct(Object(Illuminate\View\View))
#11 /home/vagrant/synthesise-3/vendor/laravel/framework/src/Illuminate/Routing/Router.php(552): Illuminate\Routing\Router->prepareResponse(Object(Illuminate\Http\Request), Object(Illuminate\View\View))
#12 /home/vagrant/synthesise-3/vendor/laravel/framework/src/Illuminate/Routing/Router.php(517): Illuminate\Routing\Router->dispatchToRoute(Object(Illuminate\Http\Request))
#13 /home/vagrant/synthesise-3/vendor/laravel/framework/src/Illuminate/Foundation/Application.php(830): Illuminate\Routing\Router->dispatch(Object(Illuminate\Http\Request))
#14 /home/vagrant/synthesise-3/vendor/laravel/framework/src/Illuminate/Foundation/Application.php(807): Illuminate\Foundation\Application->dispatch(Object(Illuminate\Http\Request))
#15 /home/vagrant/synthesise-3/vendor/laravel/framework/src/Illuminate/Session/Middleware.php(72): Illuminate\Foundation\Application->handle(Object(Illuminate\Http\Request), 1, true)
#16 /home/vagrant/synthesise-3/vendor/laravel/framework/src/Illuminate/Cookie/Queue.php(47): Illuminate\Session\Middleware->handle(Object(Illuminate\Http\Request), 1, true)
#17 /home/vagrant/synthesise-3/vendor/laravel/framework/src/Illuminate/Cookie/Guard.php(51): Illuminate\Cookie\Queue->handle(Object(Illuminate\Http\Request), 1, true)
#18 /home/vagrant/synthesise-3/vendor/stack/builder/src/Stack/StackedHttpKernel.php(23): Illuminate\Cookie\Guard->handle(Object(Illuminate\Http\Request), 1, true)
#19 /home/vagrant/synthesise-3/vendor/laravel/framework/src/Illuminate/Foundation/Application.php(663): Stack\StackedHttpKernel->handle(Object(Illuminate\Http\Request))
#20 /home/vagrant/synthesise-3/public/index.php(49): Illuminate\Foundation\Application->run()
#21 {main}

Next exception 'ErrorException' with message 'htmlentities() expects parameter 1 to be string, array given (View: /home/vagrant/synthesise-3/resources/views/analytics/index.blade.php)' in /home/vagrant/synthesise-3/vendor/laravel/framework/src/Illuminate/Support/helpers.php:413
Stack trace:
#0 /home/vagrant/synthesise-3/vendor/laravel/framework/src/Illuminate/View/Engines/PhpEngine.php(41): Illuminate\View\Engines\CompilerEngine->handleViewException(Object(ErrorException), 1)
#1 /home/vagrant/synthesise-3/vendor/laravel/framework/src/Illuminate/View/Engines/CompilerEngine.php(56): Illuminate\View\Engines\PhpEngine->evaluatePath('/home/vagrant/s...', Array)
#2 /home/vagrant/synthesise-3/vendor/laravel/framework/src/Illuminate/View/View.php(135): Illuminate\View\Engines\CompilerEngine->get('/home/vagrant/s...', Array)
#3 /home/vagrant/synthesise-3/vendor/laravel/framework/src/Illuminate/View/View.php(103): Illuminate\View\View->getContents()
#4 /home/vagrant/synthesise-3/vendor/laravel/framework/src/Illuminate/View/View.php(77): Illuminate\View\View->renderContents()
#5 /home/vagrant/synthesise-3/vendor/laravel/framework/src/Illuminate/Http/Response.php(43): Illuminate\View\View->render()
#6 /home/vagrant/synthesise-3/vendor/symfony/http-foundation/Symfony/Component/HttpFoundation/Response.php(202): Illuminate\Http\Response->setContent(Object(Illuminate\View\View))
#7 /home/vagrant/synthesise-3/vendor/laravel/framework/src/Illuminate/Routing/Router.php(1019): Symfony\Component\HttpFoundation\Response->__construct(Object(Illuminate\View\View))
#8 /home/vagrant/synthesise-3/vendor/laravel/framework/src/Illuminate/Routing/Router.php(552): Illuminate\Routing\Router->prepareResponse(Object(Illuminate\Http\Request), Object(Illuminate\View\View))
#9 /home/vagrant/synthesise-3/vendor/laravel/framework/src/Illuminate/Routing/Router.php(517): Illuminate\Routing\Router->dispatchToRoute(Object(Illuminate\Http\Request))
#10 /home/vagrant/synthesise-3/vendor/laravel/framework/src/Illuminate/Foundation/Application.php(830): Illuminate\Routing\Router->dispatch(Object(Illuminate\Http\Request))
#11 /home/vagrant/synthesise-3/vendor/laravel/framework/src/Illuminate/Foundation/Application.php(807): Illuminate\Foundation\Application->dispatch(Object(Illuminate\Http\Request))
#12 /home/vagrant/synthesise-3/vendor/laravel/framework/src/Illuminate/Session/Middleware.php(72): Illuminate\Foundation\Application->handle(Object(Illuminate\Http\Request), 1, true)
#13 /home/vagrant/synthesise-3/vendor/laravel/framework/src/Illuminate/Cookie/Queue.php(47): Illuminate\Session\Middleware->handle(Object(Illuminate\Http\Request), 1, true)
#14 /home/vagrant/synthesise-3/vendor/laravel/framework/src/Illuminate/Cookie/Guard.php(51): Illuminate\Cookie\Queue->handle(Object(Illuminate\Http\Request), 1, true)
#15 /home/vagrant/synthesise-3/vendor/stack/builder/src/Stack/StackedHttpKernel.php(23): Illuminate\Cookie\Guard->handle(Object(Illuminate\Http\Request), 1, true)
#16 /home/vagrant/synthesise-3/vendor/laravel/framework/src/Illuminate/Foundation/Application.php(663): Stack\StackedHttpKernel->handle(Object(Illuminate\Http\Request))
#17 /home/vagrant/synthesise-3/public/index.php(49): Illuminate\Foundation\Application->run()
#18 {main} [] []
[2014-10-07 22:18:27] local.ERROR: exception 'ErrorException' with message 'Undefined offset: 2' in /home/vagrant/synthesise-3/app/Extensions/Analytics.php:43
Stack trace:
#0 /home/vagrant/synthesise-3/app/Extensions/Analytics.php(43): Illuminate\Exception\Handler->handleError(8, 'Undefined offse...', '/home/vagrant/s...', 43, Array)
#1 /home/vagrant/synthesise-3/vendor/laravel/framework/src/Illuminate/Support/Facades/Facade.php(205): Synthesise\Extensions\Analytics->getLiveVisitors()
#2 /home/vagrant/synthesise-3/app/Http/Controllers/AnalyticsController.php(17): Illuminate\Support\Facades\Facade::__callStatic('getLiveVisitors', Array)
#3 /home/vagrant/synthesise-3/app/Http/Controllers/AnalyticsController.php(17): Synthesise\Extensions\Facades\Analytics::getLiveVisitors()
#4 [internal function]: Synthesise\Http\Controllers\AnalyticsController->index()
#5 /home/vagrant/synthesise-3/vendor/laravel/framework/src/Illuminate/Routing/Route.php(174): call_user_func_array(Array, Array)
#6 /home/vagrant/synthesise-3/vendor/laravel/framework/src/Illuminate/Routing/Route.php(132): Illuminate\Routing\Route->runController(Object(Illuminate\Http\Request))
#7 /home/vagrant/synthesise-3/vendor/laravel/framework/src/Illuminate/Routing/Router.php(549): Illuminate\Routing\Route->run(Object(Illuminate\Http\Request))
#8 /home/vagrant/synthesise-3/vendor/laravel/framework/src/Illuminate/Routing/Router.php(517): Illuminate\Routing\Router->dispatchToRoute(Object(Illuminate\Http\Request))
#9 /home/vagrant/synthesise-3/vendor/laravel/framework/src/Illuminate/Foundation/Application.php(830): Illuminate\Routing\Router->dispatch(Object(Illuminate\Http\Request))
#10 /home/vagrant/synthesise-3/vendor/laravel/framework/src/Illuminate/Foundation/Application.php(807): Illuminate\Foundation\Application->dispatch(Object(Illuminate\Http\Request))
#11 /home/vagrant/synthesise-3/vendor/laravel/framework/src/Illuminate/Session/Middleware.php(72): Illuminate\Foundation\Application->handle(Object(Illuminate\Http\Request), 1, true)
#12 /home/vagrant/synthesise-3/vendor/laravel/framework/src/Illuminate/Cookie/Queue.php(47): Illuminate\Session\Middleware->handle(Object(Illuminate\Http\Request), 1, true)
#13 /home/vagrant/synthesise-3/vendor/laravel/framework/src/Illuminate/Cookie/Guard.php(51): Illuminate\Cookie\Queue->handle(Object(Illuminate\Http\Request), 1, true)
#14 /home/vagrant/synthesise-3/vendor/stack/builder/src/Stack/StackedHttpKernel.php(23): Illuminate\Cookie\Guard->handle(Object(Illuminate\Http\Request), 1, true)
#15 /home/vagrant/synthesise-3/vendor/laravel/framework/src/Illuminate/Foundation/Application.php(663): Stack\StackedHttpKernel->handle(Object(Illuminate\Http\Request))
#16 /home/vagrant/synthesise-3/public/index.php(49): Illuminate\Foundation\Application->run()
#17 {main} [] []
[2014-10-07 22:19:30] local.ERROR: exception 'ErrorException' with message 'Use of undefined constant nb_actions - assumed 'nb_actions'' in /home/vagrant/synthesise-3/app/Extensions/Analytics.php:43
Stack trace:
#0 /home/vagrant/synthesise-3/app/Extensions/Analytics.php(43): Illuminate\Exception\Handler->handleError(8, 'Use of undefine...', '/home/vagrant/s...', 43, Array)
#1 /home/vagrant/synthesise-3/vendor/laravel/framework/src/Illuminate/Support/Facades/Facade.php(205): Synthesise\Extensions\Analytics->getLiveVisitors()
#2 /home/vagrant/synthesise-3/app/Http/Controllers/AnalyticsController.php(17): Illuminate\Support\Facades\Facade::__callStatic('getLiveVisitors', Array)
#3 /home/vagrant/synthesise-3/app/Http/Controllers/AnalyticsController.php(17): Synthesise\Extensions\Facades\Analytics::getLiveVisitors()
#4 [internal function]: Synthesise\Http\Controllers\AnalyticsController->index()
#5 /home/vagrant/synthesise-3/vendor/laravel/framework/src/Illuminate/Routing/Route.php(174): call_user_func_array(Array, Array)
#6 /home/vagrant/synthesise-3/vendor/laravel/framework/src/Illuminate/Routing/Route.php(132): Illuminate\Routing\Route->runController(Object(Illuminate\Http\Request))
#7 /home/vagrant/synthesise-3/vendor/laravel/framework/src/Illuminate/Routing/Router.php(549): Illuminate\Routing\Route->run(Object(Illuminate\Http\Request))
#8 /home/vagrant/synthesise-3/vendor/laravel/framework/src/Illuminate/Routing/Router.php(517): Illuminate\Routing\Router->dispatchToRoute(Object(Illuminate\Http\Request))
#9 /home/vagrant/synthesise-3/vendor/laravel/framework/src/Illuminate/Foundation/Application.php(830): Illuminate\Routing\Router->dispatch(Object(Illuminate\Http\Request))
#10 /home/vagrant/synthesise-3/vendor/laravel/framework/src/Illuminate/Foundation/Application.php(807): Illuminate\Foundation\Application->dispatch(Object(Illuminate\Http\Request))
#11 /home/vagrant/synthesise-3/vendor/laravel/framework/src/Illuminate/Session/Middleware.php(72): Illuminate\Foundation\Application->handle(Object(Illuminate\Http\Request), 1, true)
#12 /home/vagrant/synthesise-3/vendor/laravel/framework/src/Illuminate/Cookie/Queue.php(47): Illuminate\Session\Middleware->handle(Object(Illuminate\Http\Request), 1, true)
#13 /home/vagrant/synthesise-3/vendor/laravel/framework/src/Illuminate/Cookie/Guard.php(51): Illuminate\Cookie\Queue->handle(Object(Illuminate\Http\Request), 1, true)
#14 /home/vagrant/synthesise-3/vendor/stack/builder/src/Stack/StackedHttpKernel.php(23): Illuminate\Cookie\Guard->handle(Object(Illuminate\Http\Request), 1, true)
#15 /home/vagrant/synthesise-3/vendor/laravel/framework/src/Illuminate/Foundation/Application.php(663): Stack\StackedHttpKernel->handle(Object(Illuminate\Http\Request))
#16 /home/vagrant/synthesise-3/public/index.php(49): Illuminate\Foundation\Application->run()
#17 {main} [] []
[2014-10-07 22:33:43] local.ERROR: exception 'ErrorException' with message 'Undefined variable: role' in /home/vagrant/synthesise-3/storage/framework/views/460544bbb5962b6151f802c5fd8e9f56:10
Stack trace:
#0 /home/vagrant/synthesise-3/storage/framework/views/460544bbb5962b6151f802c5fd8e9f56(10): Illuminate\Exception\Handler->handleError(8, 'Undefined varia...', '/home/vagrant/s...', 10, Array)
#1 /home/vagrant/synthesise-3/vendor/laravel/framework/src/Illuminate/View/Engines/PhpEngine.php(37): include('/home/vagrant/s...')
#2 /home/vagrant/synthesise-3/vendor/laravel/framework/src/Illuminate/View/Engines/CompilerEngine.php(56): Illuminate\View\Engines\PhpEngine->evaluatePath('/home/vagrant/s...', Array)
#3 /home/vagrant/synthesise-3/vendor/laravel/framework/src/Illuminate/View/View.php(135): Illuminate\View\Engines\CompilerEngine->get('/home/vagrant/s...', Array)
#4 /home/vagrant/synthesise-3/vendor/laravel/framework/src/Illuminate/View/View.php(103): Illuminate\View\View->getContents()
#5 /home/vagrant/synthesise-3/vendor/laravel/framework/src/Illuminate/View/View.php(77): Illuminate\View\View->renderContents()
#6 /home/vagrant/synthesise-3/vendor/laravel/framework/src/Illuminate/Http/Response.php(43): Illuminate\View\View->render()
#7 /home/vagrant/synthesise-3/vendor/symfony/http-foundation/Symfony/Component/HttpFoundation/Response.php(202): Illuminate\Http\Response->setContent(Object(Illuminate\View\View))
#8 /home/vagrant/synthesise-3/vendor/laravel/framework/src/Illuminate/Routing/Router.php(1019): Symfony\Component\HttpFoundation\Response->__construct(Object(Illuminate\View\View))
#9 /home/vagrant/synthesise-3/vendor/laravel/framework/src/Illuminate/Routing/Router.php(552): Illuminate\Routing\Router->prepareResponse(Object(Illuminate\Http\Request), Object(Illuminate\View\View))
#10 /home/vagrant/synthesise-3/vendor/laravel/framework/src/Illuminate/Routing/Router.php(517): Illuminate\Routing\Router->dispatchToRoute(Object(Illuminate\Http\Request))
#11 /home/vagrant/synthesise-3/vendor/laravel/framework/src/Illuminate/Foundation/Application.php(830): Illuminate\Routing\Router->dispatch(Object(Illuminate\Http\Request))
#12 /home/vagrant/synthesise-3/vendor/laravel/framework/src/Illuminate/Foundation/Application.php(807): Illuminate\Foundation\Application->dispatch(Object(Illuminate\Http\Request))
#13 /home/vagrant/synthesise-3/vendor/laravel/framework/src/Illuminate/Session/Middleware.php(72): Illuminate\Foundation\Application->handle(Object(Illuminate\Http\Request), 1, true)
#14 /home/vagrant/synthesise-3/vendor/laravel/framework/src/Illuminate/Cookie/Queue.php(47): Illuminate\Session\Middleware->handle(Object(Illuminate\Http\Request), 1, true)
#15 /home/vagrant/synthesise-3/vendor/laravel/framework/src/Illuminate/Cookie/Guard.php(51): Illuminate\Cookie\Queue->handle(Object(Illuminate\Http\Request), 1, true)
#16 /home/vagrant/synthesise-3/vendor/stack/builder/src/Stack/StackedHttpKernel.php(23): Illuminate\Cookie\Guard->handle(Object(Illuminate\Http\Request), 1, true)
#17 /home/vagrant/synthesise-3/vendor/laravel/framework/src/Illuminate/Foundation/Application.php(663): Stack\StackedHttpKernel->handle(Object(Illuminate\Http\Request))
#18 /home/vagrant/synthesise-3/public/index.php(49): Illuminate\Foundation\Application->run()
#19 {main}

Next exception 'ErrorException' with message 'Undefined variable: role (View: /home/vagrant/synthesise-3/resources/views/analytics/index.blade.php)' in /home/vagrant/synthesise-3/storage/framework/views/460544bbb5962b6151f802c5fd8e9f56:10
Stack trace:
#0 /home/vagrant/synthesise-3/vendor/laravel/framework/src/Illuminate/View/Engines/PhpEngine.php(41): Illuminate\View\Engines\CompilerEngine->handleViewException(Object(ErrorException), 1)
#1 /home/vagrant/synthesise-3/vendor/laravel/framework/src/Illuminate/View/Engines/CompilerEngine.php(56): Illuminate\View\Engines\PhpEngine->evaluatePath('/home/vagrant/s...', Array)
#2 /home/vagrant/synthesise-3/vendor/laravel/framework/src/Illuminate/View/View.php(135): Illuminate\View\Engines\CompilerEngine->get('/home/vagrant/s...', Array)
#3 /home/vagrant/synthesise-3/vendor/laravel/framework/src/Illuminate/View/View.php(103): Illuminate\View\View->getContents()
#4 /home/vagrant/synthesise-3/vendor/laravel/framework/src/Illuminate/View/View.php(77): Illuminate\View\View->renderContents()
#5 /home/vagrant/synthesise-3/vendor/laravel/framework/src/Illuminate/Http/Response.php(43): Illuminate\View\View->render()
#6 /home/vagrant/synthesise-3/vendor/symfony/http-foundation/Symfony/Component/HttpFoundation/Response.php(202): Illuminate\Http\Response->setContent(Object(Illuminate\View\View))
#7 /home/vagrant/synthesise-3/vendor/laravel/framework/src/Illuminate/Routing/Router.php(1019): Symfony\Component\HttpFoundation\Response->__construct(Object(Illuminate\View\View))
#8 /home/vagrant/synthesise-3/vendor/laravel/framework/src/Illuminate/Routing/Router.php(552): Illuminate\Routing\Router->prepareResponse(Object(Illuminate\Http\Request), Object(Illuminate\View\View))
#9 /home/vagrant/synthesise-3/vendor/laravel/framework/src/Illuminate/Routing/Router.php(517): Illuminate\Routing\Router->dispatchToRoute(Object(Illuminate\Http\Request))
#10 /home/vagrant/synthesise-3/vendor/laravel/framework/src/Illuminate/Foundation/Application.php(830): Illuminate\Routing\Router->dispatch(Object(Illuminate\Http\Request))
#11 /home/vagrant/synthesise-3/vendor/laravel/framework/src/Illuminate/Foundation/Application.php(807): Illuminate\Foundation\Application->dispatch(Object(Illuminate\Http\Request))
#12 /home/vagrant/synthesise-3/vendor/laravel/framework/src/Illuminate/Session/Middleware.php(72): Illuminate\Foundation\Application->handle(Object(Illuminate\Http\Request), 1, true)
#13 /home/vagrant/synthesise-3/vendor/laravel/framework/src/Illuminate/Cookie/Queue.php(47): Illuminate\Session\Middleware->handle(Object(Illuminate\Http\Request), 1, true)
#14 /home/vagrant/synthesise-3/vendor/laravel/framework/src/Illuminate/Cookie/Guard.php(51): Illuminate\Cookie\Queue->handle(Object(Illuminate\Http\Request), 1, true)
#15 /home/vagrant/synthesise-3/vendor/stack/builder/src/Stack/StackedHttpKernel.php(23): Illuminate\Cookie\Guard->handle(Object(Illuminate\Http\Request), 1, true)
#16 /home/vagrant/synthesise-3/vendor/laravel/framework/src/Illuminate/Foundation/Application.php(663): Stack\StackedHttpKernel->handle(Object(Illuminate\Http\Request))
#17 /home/vagrant/synthesise-3/public/index.php(49): Illuminate\Foundation\Application->run()
#18 {main} [] []
[2014-10-07 22:34:08] local.ERROR: exception 'ErrorException' with message 'Undefined variable: role' in /home/vagrant/synthesise-3/storage/framework/views/460544bbb5962b6151f802c5fd8e9f56:10
Stack trace:
#0 /home/vagrant/synthesise-3/storage/framework/views/460544bbb5962b6151f802c5fd8e9f56(10): Illuminate\Exception\Handler->handleError(8, 'Undefined varia...', '/home/vagrant/s...', 10, Array)
#1 /home/vagrant/synthesise-3/vendor/laravel/framework/src/Illuminate/View/Engines/PhpEngine.php(37): include('/home/vagrant/s...')
#2 /home/vagrant/synthesise-3/vendor/laravel/framework/src/Illuminate/View/Engines/CompilerEngine.php(56): Illuminate\View\Engines\PhpEngine->evaluatePath('/home/vagrant/s...', Array)
#3 /home/vagrant/synthesise-3/vendor/laravel/framework/src/Illuminate/View/View.php(135): Illuminate\View\Engines\CompilerEngine->get('/home/vagrant/s...', Array)
#4 /home/vagrant/synthesise-3/vendor/laravel/framework/src/Illuminate/View/View.php(103): Illuminate\View\View->getContents()
#5 /home/vagrant/synthesise-3/vendor/laravel/framework/src/Illuminate/View/View.php(77): Illuminate\View\View->renderContents()
#6 /home/vagrant/synthesise-3/vendor/laravel/framework/src/Illuminate/Http/Response.php(43): Illuminate\View\View->render()
#7 /home/vagrant/synthesise-3/vendor/symfony/http-foundation/Symfony/Component/HttpFoundation/Response.php(202): Illuminate\Http\Response->setContent(Object(Illuminate\View\View))
#8 /home/vagrant/synthesise-3/vendor/laravel/framework/src/Illuminate/Routing/Router.php(1019): Symfony\Component\HttpFoundation\Response->__construct(Object(Illuminate\View\View))
#9 /home/vagrant/synthesise-3/vendor/laravel/framework/src/Illuminate/Routing/Router.php(552): Illuminate\Routing\Router->prepareResponse(Object(Illuminate\Http\Request), Object(Illuminate\View\View))
#10 /home/vagrant/synthesise-3/vendor/laravel/framework/src/Illuminate/Routing/Router.php(517): Illuminate\Routing\Router->dispatchToRoute(Object(Illuminate\Http\Request))
#11 /home/vagrant/synthesise-3/vendor/laravel/framework/src/Illuminate/Foundation/Application.php(830): Illuminate\Routing\Router->dispatch(Object(Illuminate\Http\Request))
#12 /home/vagrant/synthesise-3/vendor/laravel/framework/src/Illuminate/Foundation/Application.php(807): Illuminate\Foundation\Application->dispatch(Object(Illuminate\Http\Request))
#13 /home/vagrant/synthesise-3/vendor/laravel/framework/src/Illuminate/Session/Middleware.php(72): Illuminate\Foundation\Application->handle(Object(Illuminate\Http\Request), 1, true)
#14 /home/vagrant/synthesise-3/vendor/laravel/framework/src/Illuminate/Cookie/Queue.php(47): Illuminate\Session\Middleware->handle(Object(Illuminate\Http\Request), 1, true)
#15 /home/vagrant/synthesise-3/vendor/laravel/framework/src/Illuminate/Cookie/Guard.php(51): Illuminate\Cookie\Queue->handle(Object(Illuminate\Http\Request), 1, true)
#16 /home/vagrant/synthesise-3/vendor/stack/builder/src/Stack/StackedHttpKernel.php(23): Illuminate\Cookie\Guard->handle(Object(Illuminate\Http\Request), 1, true)
#17 /home/vagrant/synthesise-3/vendor/laravel/framework/src/Illuminate/Foundation/Application.php(663): Stack\StackedHttpKernel->handle(Object(Illuminate\Http\Request))
#18 /home/vagrant/synthesise-3/public/index.php(49): Illuminate\Foundation\Application->run()
#19 {main}

Next exception 'ErrorException' with message 'Undefined variable: role (View: /home/vagrant/synthesise-3/resources/views/analytics/index.blade.php)' in /home/vagrant/synthesise-3/storage/framework/views/460544bbb5962b6151f802c5fd8e9f56:10
Stack trace:
#0 /home/vagrant/synthesise-3/vendor/laravel/framework/src/Illuminate/View/Engines/PhpEngine.php(41): Illuminate\View\Engines\CompilerEngine->handleViewException(Object(ErrorException), 1)
#1 /home/vagrant/synthesise-3/vendor/laravel/framework/src/Illuminate/View/Engines/CompilerEngine.php(56): Illuminate\View\Engines\PhpEngine->evaluatePath('/home/vagrant/s...', Array)
#2 /home/vagrant/synthesise-3/vendor/laravel/framework/src/Illuminate/View/View.php(135): Illuminate\View\Engines\CompilerEngine->get('/home/vagrant/s...', Array)
#3 /home/vagrant/synthesise-3/vendor/laravel/framework/src/Illuminate/View/View.php(103): Illuminate\View\View->getContents()
#4 /home/vagrant/synthesise-3/vendor/laravel/framework/src/Illuminate/View/View.php(77): Illuminate\View\View->renderContents()
#5 /home/vagrant/synthesise-3/vendor/laravel/framework/src/Illuminate/Http/Response.php(43): Illuminate\View\View->render()
#6 /home/vagrant/synthesise-3/vendor/symfony/http-foundation/Symfony/Component/HttpFoundation/Response.php(202): Illuminate\Http\Response->setContent(Object(Illuminate\View\View))
#7 /home/vagrant/synthesise-3/vendor/laravel/framework/src/Illuminate/Routing/Router.php(1019): Symfony\Component\HttpFoundation\Response->__construct(Object(Illuminate\View\View))
#8 /home/vagrant/synthesise-3/vendor/laravel/framework/src/Illuminate/Routing/Router.php(552): Illuminate\Routing\Router->prepareResponse(Object(Illuminate\Http\Request), Object(Illuminate\View\View))
#9 /home/vagrant/synthesise-3/vendor/laravel/framework/src/Illuminate/Routing/Router.php(517): Illuminate\Routing\Router->dispatchToRoute(Object(Illuminate\Http\Request))
#10 /home/vagrant/synthesise-3/vendor/laravel/framework/src/Illuminate/Foundation/Application.php(830): Illuminate\Routing\Router->dispatch(Object(Illuminate\Http\Request))
#11 /home/vagrant/synthesise-3/vendor/laravel/framework/src/Illuminate/Foundation/Application.php(807): Illuminate\Foundation\Application->dispatch(Object(Illuminate\Http\Request))
#12 /home/vagrant/synthesise-3/vendor/laravel/framework/src/Illuminate/Session/Middleware.php(72): Illuminate\Foundation\Application->handle(Object(Illuminate\Http\Request), 1, true)
#13 /home/vagrant/synthesise-3/vendor/laravel/framework/src/Illuminate/Cookie/Queue.php(47): Illuminate\Session\Middleware->handle(Object(Illuminate\Http\Request), 1, true)
#14 /home/vagrant/synthesise-3/vendor/laravel/framework/src/Illuminate/Cookie/Guard.php(51): Illuminate\Cookie\Queue->handle(Object(Illuminate\Http\Request), 1, true)
#15 /home/vagrant/synthesise-3/vendor/stack/builder/src/Stack/StackedHttpKernel.php(23): Illuminate\Cookie\Guard->handle(Object(Illuminate\Http\Request), 1, true)
#16 /home/vagrant/synthesise-3/vendor/laravel/framework/src/Illuminate/Foundation/Application.php(663): Stack\StackedHttpKernel->handle(Object(Illuminate\Http\Request))
#17 /home/vagrant/synthesise-3/public/index.php(49): Illuminate\Foundation\Application->run()
#18 {main} [] []
[2014-10-07 22:34:28] local.ERROR: exception 'ErrorException' with message 'Undefined variable: role' in /home/vagrant/synthesise-3/storage/framework/views/460544bbb5962b6151f802c5fd8e9f56:10
Stack trace:
#0 /home/vagrant/synthesise-3/storage/framework/views/460544bbb5962b6151f802c5fd8e9f56(10): Illuminate\Exception\Handler->handleError(8, 'Undefined varia...', '/home/vagrant/s...', 10, Array)
#1 /home/vagrant/synthesise-3/vendor/laravel/framework/src/Illuminate/View/Engines/PhpEngine.php(37): include('/home/vagrant/s...')
#2 /home/vagrant/synthesise-3/vendor/laravel/framework/src/Illuminate/View/Engines/CompilerEngine.php(56): Illuminate\View\Engines\PhpEngine->evaluatePath('/home/vagrant/s...', Array)
#3 /home/vagrant/synthesise-3/vendor/laravel/framework/src/Illuminate/View/View.php(135): Illuminate\View\Engines\CompilerEngine->get('/home/vagrant/s...', Array)
#4 /home/vagrant/synthesise-3/vendor/laravel/framework/src/Illuminate/View/View.php(103): Illuminate\View\View->getContents()
#5 /home/vagrant/synthesise-3/vendor/laravel/framework/src/Illuminate/View/View.php(77): Illuminate\View\View->renderContents()
#6 /home/vagrant/synthesise-3/vendor/laravel/framework/src/Illuminate/Http/Response.php(43): Illuminate\View\View->render()
#7 /home/vagrant/synthesise-3/vendor/symfony/http-foundation/Symfony/Component/HttpFoundation/Response.php(202): Illuminate\Http\Response->setContent(Object(Illuminate\View\View))
#8 /home/vagrant/synthesise-3/vendor/laravel/framework/src/Illuminate/Routing/Router.php(1019): Symfony\Component\HttpFoundation\Response->__construct(Object(Illuminate\View\View))
#9 /home/vagrant/synthesise-3/vendor/laravel/framework/src/Illuminate/Routing/Router.php(552): Illuminate\Routing\Router->prepareResponse(Object(Illuminate\Http\Request), Object(Illuminate\View\View))
#10 /home/vagrant/synthesise-3/vendor/laravel/framework/src/Illuminate/Routing/Router.php(517): Illuminate\Routing\Router->dispatchToRoute(Object(Illuminate\Http\Request))
#11 /home/vagrant/synthesise-3/vendor/laravel/framework/src/Illuminate/Foundation/Application.php(830): Illuminate\Routing\Router->dispatch(Object(Illuminate\Http\Request))
#12 /home/vagrant/synthesise-3/vendor/laravel/framework/src/Illuminate/Foundation/Application.php(807): Illuminate\Foundation\Application->dispatch(Object(Illuminate\Http\Request))
#13 /home/vagrant/synthesise-3/vendor/laravel/framework/src/Illuminate/Session/Middleware.php(72): Illuminate\Foundation\Application->handle(Object(Illuminate\Http\Request), 1, true)
#14 /home/vagrant/synthesise-3/vendor/laravel/framework/src/Illuminate/Cookie/Queue.php(47): Illuminate\Session\Middleware->handle(Object(Illuminate\Http\Request), 1, true)
#15 /home/vagrant/synthesise-3/vendor/laravel/framework/src/Illuminate/Cookie/Guard.php(51): Illuminate\Cookie\Queue->handle(Object(Illuminate\Http\Request), 1, true)
#16 /home/vagrant/synthesise-3/vendor/stack/builder/src/Stack/StackedHttpKernel.php(23): Illuminate\Cookie\Guard->handle(Object(Illuminate\Http\Request), 1, true)
#17 /home/vagrant/synthesise-3/vendor/laravel/framework/src/Illuminate/Foundation/Application.php(663): Stack\StackedHttpKernel->handle(Object(Illuminate\Http\Request))
#18 /home/vagrant/synthesise-3/public/index.php(49): Illuminate\Foundation\Application->run()
#19 {main}

Next exception 'ErrorException' with message 'Undefined variable: role (View: /home/vagrant/synthesise-3/resources/views/analytics/index.blade.php)' in /home/vagrant/synthesise-3/storage/framework/views/460544bbb5962b6151f802c5fd8e9f56:10
Stack trace:
#0 /home/vagrant/synthesise-3/vendor/laravel/framework/src/Illuminate/View/Engines/PhpEngine.php(41): Illuminate\View\Engines\CompilerEngine->handleViewException(Object(ErrorException), 1)
#1 /home/vagrant/synthesise-3/vendor/laravel/framework/src/Illuminate/View/Engines/CompilerEngine.php(56): Illuminate\View\Engines\PhpEngine->evaluatePath('/home/vagrant/s...', Array)
#2 /home/vagrant/synthesise-3/vendor/laravel/framework/src/Illuminate/View/View.php(135): Illuminate\View\Engines\CompilerEngine->get('/home/vagrant/s...', Array)
#3 /home/vagrant/synthesise-3/vendor/laravel/framework/src/Illuminate/View/View.php(103): Illuminate\View\View->getContents()
#4 /home/vagrant/synthesise-3/vendor/laravel/framework/src/Illuminate/View/View.php(77): Illuminate\View\View->renderContents()
#5 /home/vagrant/synthesise-3/vendor/laravel/framework/src/Illuminate/Http/Response.php(43): Illuminate\View\View->render()
#6 /home/vagrant/synthesise-3/vendor/symfony/http-foundation/Symfony/Component/HttpFoundation/Response.php(202): Illuminate\Http\Response->setContent(Object(Illuminate\View\View))
#7 /home/vagrant/synthesise-3/vendor/laravel/framework/src/Illuminate/Routing/Router.php(1019): Symfony\Component\HttpFoundation\Response->__construct(Object(Illuminate\View\View))
#8 /home/vagrant/synthesise-3/vendor/laravel/framework/src/Illuminate/Routing/Router.php(552): Illuminate\Routing\Router->prepareResponse(Object(Illuminate\Http\Request), Object(Illuminate\View\View))
#9 /home/vagrant/synthesise-3/vendor/laravel/framework/src/Illuminate/Routing/Router.php(517): Illuminate\Routing\Router->dispatchToRoute(Object(Illuminate\Http\Request))
#10 /home/vagrant/synthesise-3/vendor/laravel/framework/src/Illuminate/Foundation/Application.php(830): Illuminate\Routing\Router->dispatch(Object(Illuminate\Http\Request))
#11 /home/vagrant/synthesise-3/vendor/laravel/framework/src/Illuminate/Foundation/Application.php(807): Illuminate\Foundation\Application->dispatch(Object(Illuminate\Http\Request))
#12 /home/vagrant/synthesise-3/vendor/laravel/framework/src/Illuminate/Session/Middleware.php(72): Illuminate\Foundation\Application->handle(Object(Illuminate\Http\Request), 1, true)
#13 /home/vagrant/synthesise-3/vendor/laravel/framework/src/Illuminate/Cookie/Queue.php(47): Illuminate\Session\Middleware->handle(Object(Illuminate\Http\Request), 1, true)
#14 /home/vagrant/synthesise-3/vendor/laravel/framework/src/Illuminate/Cookie/Guard.php(51): Illuminate\Cookie\Queue->handle(Object(Illuminate\Http\Request), 1, true)
#15 /home/vagrant/synthesise-3/vendor/stack/builder/src/Stack/StackedHttpKernel.php(23): Illuminate\Cookie\Guard->handle(Object(Illuminate\Http\Request), 1, true)
#16 /home/vagrant/synthesise-3/vendor/laravel/framework/src/Illuminate/Foundation/Application.php(663): Stack\StackedHttpKernel->handle(Object(Illuminate\Http\Request))
#17 /home/vagrant/synthesise-3/public/index.php(49): Illuminate\Foundation\Application->run()
#18 {main} [] []
[2014-10-07 22:35:51] local.ERROR: exception 'ErrorException' with message 'Undefined variable: role' in /home/vagrant/synthesise-3/storage/framework/views/0887adf93d321871215b5eac942a3857:11
Stack trace:
#0 /home/vagrant/synthesise-3/storage/framework/views/0887adf93d321871215b5eac942a3857(11): Illuminate\Exception\Handler->handleError(8, 'Undefined varia...', '/home/vagrant/s...', 11, Array)
#1 /home/vagrant/synthesise-3/vendor/laravel/framework/src/Illuminate/View/Engines/PhpEngine.php(37): include('/home/vagrant/s...')
#2 /home/vagrant/synthesise-3/vendor/laravel/framework/src/Illuminate/View/Engines/CompilerEngine.php(56): Illuminate\View\Engines\PhpEngine->evaluatePath('/home/vagrant/s...', Array)
#3 /home/vagrant/synthesise-3/vendor/laravel/framework/src/Illuminate/View/View.php(135): Illuminate\View\Engines\CompilerEngine->get('/home/vagrant/s...', Array)
#4 /home/vagrant/synthesise-3/vendor/laravel/framework/src/Illuminate/View/View.php(103): Illuminate\View\View->getContents()
#5 /home/vagrant/synthesise-3/vendor/laravel/framework/src/Illuminate/View/View.php(77): Illuminate\View\View->renderContents()
#6 /home/vagrant/synthesise-3/storage/framework/views/460544bbb5962b6151f802c5fd8e9f56(21): Illuminate\View\View->render()
#7 /home/vagrant/synthesise-3/vendor/laravel/framework/src/Illuminate/View/Engines/PhpEngine.php(37): include('/home/vagrant/s...')
#8 /home/vagrant/synthesise-3/vendor/laravel/framework/src/Illuminate/View/Engines/CompilerEngine.php(56): Illuminate\View\Engines\PhpEngine->evaluatePath('/home/vagrant/s...', Array)
#9 /home/vagrant/synthesise-3/vendor/laravel/framework/src/Illuminate/View/View.php(135): Illuminate\View\Engines\CompilerEngine->get('/home/vagrant/s...', Array)
#10 /home/vagrant/synthesise-3/vendor/laravel/framework/src/Illuminate/View/View.php(103): Illuminate\View\View->getContents()
#11 /home/vagrant/synthesise-3/vendor/laravel/framework/src/Illuminate/View/View.php(77): Illuminate\View\View->renderContents()
#12 /home/vagrant/synthesise-3/vendor/laravel/framework/src/Illuminate/Http/Response.php(43): Illuminate\View\View->render()
#13 /home/vagrant/synthesise-3/vendor/symfony/http-foundation/Symfony/Component/HttpFoundation/Response.php(202): Illuminate\Http\Response->setContent(Object(Illuminate\View\View))
#14 /home/vagrant/synthesise-3/vendor/laravel/framework/src/Illuminate/Routing/Router.php(1019): Symfony\Component\HttpFoundation\Response->__construct(Object(Illuminate\View\View))
#15 /home/vagrant/synthesise-3/vendor/laravel/framework/src/Illuminate/Routing/Router.php(552): Illuminate\Routing\Router->prepareResponse(Object(Illuminate\Http\Request), Object(Illuminate\View\View))
#16 /home/vagrant/synthesise-3/vendor/laravel/framework/src/Illuminate/Routing/Router.php(517): Illuminate\Routing\Router->dispatchToRoute(Object(Illuminate\Http\Request))
#17 /home/vagrant/synthesise-3/vendor/laravel/framework/src/Illuminate/Foundation/Application.php(830): Illuminate\Routing\Router->dispatch(Object(Illuminate\Http\Request))
#18 /home/vagrant/synthesise-3/vendor/laravel/framework/src/Illuminate/Foundation/Application.php(807): Illuminate\Foundation\Application->dispatch(Object(Illuminate\Http\Request))
#19 /home/vagrant/synthesise-3/vendor/laravel/framework/src/Illuminate/Session/Middleware.php(72): Illuminate\Foundation\Application->handle(Object(Illuminate\Http\Request), 1, true)
#20 /home/vagrant/synthesise-3/vendor/laravel/framework/src/Illuminate/Cookie/Queue.php(47): Illuminate\Session\Middleware->handle(Object(Illuminate\Http\Request), 1, true)
#21 /home/vagrant/synthesise-3/vendor/laravel/framework/src/Illuminate/Cookie/Guard.php(51): Illuminate\Cookie\Queue->handle(Object(Illuminate\Http\Request), 1, true)
#22 /home/vagrant/synthesise-3/vendor/stack/builder/src/Stack/StackedHttpKernel.php(23): Illuminate\Cookie\Guard->handle(Object(Illuminate\Http\Request), 1, true)
#23 /home/vagrant/synthesise-3/vendor/laravel/framework/src/Illuminate/Foundation/Application.php(663): Stack\StackedHttpKernel->handle(Object(Illuminate\Http\Request))
#24 /home/vagrant/synthesise-3/public/index.php(49): Illuminate\Foundation\Application->run()
#25 {main}

Next exception 'ErrorException' with message 'Undefined variable: role (View: /home/vagrant/synthesise-3/resources/views/dashboard/partials/alllections.blade.php)' in /home/vagrant/synthesise-3/storage/framework/views/0887adf93d321871215b5eac942a3857:11
Stack trace:
#0 /home/vagrant/synthesise-3/vendor/laravel/framework/src/Illuminate/View/Engines/PhpEngine.php(41): Illuminate\View\Engines\CompilerEngine->handleViewException(Object(ErrorException), 1)
#1 /home/vagrant/synthesise-3/vendor/laravel/framework/src/Illuminate/View/Engines/CompilerEngine.php(56): Illuminate\View\Engines\PhpEngine->evaluatePath('/home/vagrant/s...', Array)
#2 /home/vagrant/synthesise-3/vendor/laravel/framework/src/Illuminate/View/View.php(135): Illuminate\View\Engines\CompilerEngine->get('/home/vagrant/s...', Array)
#3 /home/vagrant/synthesise-3/vendor/laravel/framework/src/Illuminate/View/View.php(103): Illuminate\View\View->getContents()
#4 /home/vagrant/synthesise-3/vendor/laravel/framework/src/Illuminate/View/View.php(77): Illuminate\View\View->renderContents()
#5 /home/vagrant/synthesise-3/storage/framework/views/460544bbb5962b6151f802c5fd8e9f56(21): Illuminate\View\View->render()
#6 /home/vagrant/synthesise-3/vendor/laravel/framework/src/Illuminate/View/Engines/PhpEngine.php(37): include('/home/vagrant/s...')
#7 /home/vagrant/synthesise-3/vendor/laravel/framework/src/Illuminate/View/Engines/CompilerEngine.php(56): Illuminate\View\Engines\PhpEngine->evaluatePath('/home/vagrant/s...', Array)
#8 /home/vagrant/synthesise-3/vendor/laravel/framework/src/Illuminate/View/View.php(135): Illuminate\View\Engines\CompilerEngine->get('/home/vagrant/s...', Array)
#9 /home/vagrant/synthesise-3/vendor/laravel/framework/src/Illuminate/View/View.php(103): Illuminate\View\View->getContents()
#10 /home/vagrant/synthesise-3/vendor/laravel/framework/src/Illuminate/View/View.php(77): Illuminate\View\View->renderContents()
#11 /home/vagrant/synthesise-3/vendor/laravel/framework/src/Illuminate/Http/Response.php(43): Illuminate\View\View->render()
#12 /home/vagrant/synthesise-3/vendor/symfony/http-foundation/Symfony/Component/HttpFoundation/Response.php(202): Illuminate\Http\Response->setContent(Object(Illuminate\View\View))
#13 /home/vagrant/synthesise-3/vendor/laravel/framework/src/Illuminate/Routing/Router.php(1019): Symfony\Component\HttpFoundation\Response->__construct(Object(Illuminate\View\View))
#14 /home/vagrant/synthesise-3/vendor/laravel/framework/src/Illuminate/Routing/Router.php(552): Illuminate\Routing\Router->prepareResponse(Object(Illuminate\Http\Request), Object(Illuminate\View\View))
#15 /home/vagrant/synthesise-3/vendor/laravel/framework/src/Illuminate/Routing/Router.php(517): Illuminate\Routing\Router->dispatchToRoute(Object(Illuminate\Http\Request))
#16 /home/vagrant/synthesise-3/vendor/laravel/framework/src/Illuminate/Foundation/Application.php(830): Illuminate\Routing\Router->dispatch(Object(Illuminate\Http\Request))
#17 /home/vagrant/synthesise-3/vendor/laravel/framework/src/Illuminate/Foundation/Application.php(807): Illuminate\Foundation\Application->dispatch(Object(Illuminate\Http\Request))
#18 /home/vagrant/synthesise-3/vendor/laravel/framework/src/Illuminate/Session/Middleware.php(72): Illuminate\Foundation\Application->handle(Object(Illuminate\Http\Request), 1, true)
#19 /home/vagrant/synthesise-3/vendor/laravel/framework/src/Illuminate/Cookie/Queue.php(47): Illuminate\Session\Middleware->handle(Object(Illuminate\Http\Request), 1, true)
#20 /home/vagrant/synthesise-3/vendor/laravel/framework/src/Illuminate/Cookie/Guard.php(51): Illuminate\Cookie\Queue->handle(Object(Illuminate\Http\Request), 1, true)
#21 /home/vagrant/synthesise-3/vendor/stack/builder/src/Stack/StackedHttpKernel.php(23): Illuminate\Cookie\Guard->handle(Object(Illuminate\Http\Request), 1, true)
#22 /home/vagrant/synthesise-3/vendor/laravel/framework/src/Illuminate/Foundation/Application.php(663): Stack\StackedHttpKernel->handle(Object(Illuminate\Http\Request))
#23 /home/vagrant/synthesise-3/public/index.php(49): Illuminate\Foundation\Application->run()
#24 {main}

Next exception 'ErrorException' with message 'Undefined variable: role (View: /home/vagrant/synthesise-3/resources/views/dashboard/partials/alllections.blade.php) (View: /home/vagrant/synthesise-3/resources/views/dashboard/partials/alllections.blade.php)' in /home/vagrant/synthesise-3/storage/framework/views/0887adf93d321871215b5eac942a3857:11
Stack trace:
#0 /home/vagrant/synthesise-3/vendor/laravel/framework/src/Illuminate/View/Engines/PhpEngine.php(41): Illuminate\View\Engines\CompilerEngine->handleViewException(Object(ErrorException), 1)
#1 /home/vagrant/synthesise-3/vendor/laravel/framework/src/Illuminate/View/Engines/CompilerEngine.php(56): Illuminate\View\Engines\PhpEngine->evaluatePath('/home/vagrant/s...', Array)
#2 /home/vagrant/synthesise-3/vendor/laravel/framework/src/Illuminate/View/View.php(135): Illuminate\View\Engines\CompilerEngine->get('/home/vagrant/s...', Array)
#3 /home/vagrant/synthesise-3/vendor/laravel/framework/src/Illuminate/View/View.php(103): Illuminate\View\View->getContents()
#4 /home/vagrant/synthesise-3/vendor/laravel/framework/src/Illuminate/View/View.php(77): Illuminate\View\View->renderContents()
#5 /home/vagrant/synthesise-3/vendor/laravel/framework/src/Illuminate/Http/Response.php(43): Illuminate\View\View->render()
#6 /home/vagrant/synthesise-3/vendor/symfony/http-foundation/Symfony/Component/HttpFoundation/Response.php(202): Illuminate\Http\Response->setContent(Object(Illuminate\View\View))
#7 /home/vagrant/synthesise-3/vendor/laravel/framework/src/Illuminate/Routing/Router.php(1019): Symfony\Component\HttpFoundation\Response->__construct(Object(Illuminate\View\View))
#8 /home/vagrant/synthesise-3/vendor/laravel/framework/src/Illuminate/Routing/Router.php(552): Illuminate\Routing\Router->prepareResponse(Object(Illuminate\Http\Request), Object(Illuminate\View\View))
#9 /home/vagrant/synthesise-3/vendor/laravel/framework/src/Illuminate/Routing/Router.php(517): Illuminate\Routing\Router->dispatchToRoute(Object(Illuminate\Http\Request))
#10 /home/vagrant/synthesise-3/vendor/laravel/framework/src/Illuminate/Foundation/Application.php(830): Illuminate\Routing\Router->dispatch(Object(Illuminate\Http\Request))
#11 /home/vagrant/synthesise-3/vendor/laravel/framework/src/Illuminate/Foundation/Application.php(807): Illuminate\Foundation\Application->dispatch(Object(Illuminate\Http\Request))
#12 /home/vagrant/synthesise-3/vendor/laravel/framework/src/Illuminate/Session/Middleware.php(72): Illuminate\Foundation\Application->handle(Object(Illuminate\Http\Request), 1, true)
#13 /home/vagrant/synthesise-3/vendor/laravel/framework/src/Illuminate/Cookie/Queue.php(47): Illuminate\Session\Middleware->handle(Object(Illuminate\Http\Request), 1, true)
#14 /home/vagrant/synthesise-3/vendor/laravel/framework/src/Illuminate/Cookie/Guard.php(51): Illuminate\Cookie\Queue->handle(Object(Illuminate\Http\Request), 1, true)
#15 /home/vagrant/synthesise-3/vendor/stack/builder/src/Stack/StackedHttpKernel.php(23): Illuminate\Cookie\Guard->handle(Object(Illuminate\Http\Request), 1, true)
#16 /home/vagrant/synthesise-3/vendor/laravel/framework/src/Illuminate/Foundation/Application.php(663): Stack\StackedHttpKernel->handle(Object(Illuminate\Http\Request))
#17 /home/vagrant/synthesise-3/public/index.php(49): Illuminate\Foundation\Application->run()
#18 {main} [] []
